Compiling the C compiler identification source file "CMakeCCompilerId.c" failed.
Compiler: /Applications/Xcode.app/Contents/Developer/Toolchains/XcodeDefault.xctoolchain/usr/bin/cc 
Build flags: 
Id flags:  

The output was:
1
ld: library not found for -lSystem
clang: error: linker command failed with exit code 1 (use -v to see invocation)


Performing C SOURCE FILE Test RIGHT_SHIFT_IS_UNSIGNED failed with the following compile output:
Change Dir: /Users/michaelgranado/tensorflow/rlbox_sandboxing_api/libjpeg-turbo/CMakeFiles/CMakeTmp

Run Build Command(s):/usr/bin/make -f Makefile cmTC_a2d6e/fast && /Applications/Xcode.app/Contents/Developer/usr/bin/make  -f CMakeFiles/cmTC_a2d6e.dir/build.make CMakeFiles/cmTC_a2d6e.dir/build
Building C object CMakeFiles/cmTC_a2d6e.dir/src.c.o
/Applications/Xcode.app/Contents/Developer/Toolchains/XcodeDefault.xctoolchain/usr/bin/cc -DRIGHT_SHIFT_IS_UNSIGNED  -arch arm64 -isysroot /Applications/Xcode.app/Contents/Developer/Platforms/MacOSX.platform/Developer/SDKs/MacOSX11.1.sdk -MD -MT CMakeFiles/cmTC_a2d6e.dir/src.c.o -MF CMakeFiles/cmTC_a2d6e.dir/src.c.o.d -o CMakeFiles/cmTC_a2d6e.dir/src.c.o -c /Users/michaelgranado/tensorflow/rlbox_sandboxing_api/libjpeg-turbo/CMakeFiles/CMakeTmp/src.c
/Users/michaelgranado/tensorflow/rlbox_sandboxing_api/libjpeg-turbo/CMakeFiles/CMakeTmp/src.c:10:22: warning: shifting a negative signed value is undefined [-Wshift-negative-value]
        res |= (~0L) << (32-4);
               ~~~~~ ^
1 warning generated.
Linking C executable cmTC_a2d6e
/opt/homebrew/Cellar/cmake/3.21.3_1/bin/cmake -E cmake_link_script CMakeFiles/cmTC_a2d6e.dir/link.txt --verbose=1
/Applications/Xcode.app/Contents/Developer/Toolchains/XcodeDefault.xctoolchain/usr/bin/cc  -arch arm64 -isysroot /Applications/Xcode.app/Contents/Developer/Platforms/MacOSX.platform/Developer/SDKs/MacOSX11.1.sdk -Wl,-search_paths_first -Wl,-headerpad_max_install_names CMakeFiles/cmTC_a2d6e.dir/src.c.o -o cmTC_a2d6e 


...and run output:

Return value: 1
Source file was:

      #include <stdio.h>
      #include <stdlib.h>
      int is_shifting_signed (long arg) {
        long res = arg >> 4;
        if (res == -0x7F7E80CL)
          return 1; /* right shift is signed */
        /* see if unsigned-shift hack will fix it. */
        /* we can't just test exact value since it depends on width of long... */
        res |= (~0L) << (32-4);
        if (res == -0x7F7E80CL)
          return 0; /* right shift is unsigned */
        printf("Right shift isn't acting as I expect it to.\n");
        printf("I fear the JPEG software will not work at all.\n\n");
        return 0; /* try it with unsigned anyway */
      }
      int main (void) {
        exit(is_shifting_signed(-0x7F7E80B1L));
      }
